<?xml version="1.0" encoding="UTF-8"?>
<coverage generated="1780763766243" clover="3.2.0">
  <project timestamp="1780763766243" name="All files">
    <metrics statements="129" coveredstatements="98" conditionals="104" coveredconditionals="65" methods="16" coveredmethods="10" elements="249" coveredelements="173" complexity="0" loc="129" ncloc="129" packages="1" files="3" classes="3"/>
    <file name="generatePlan.js" path="D:\Fitdesi\functions\src\generatePlan.js">
      <metrics statements="67" coveredstatements="50" conditionals="35" coveredconditionals="14" methods="10" coveredmethods="4"/>
      <line num="3" count="1" type="stmt"/>
      <line num="4" count="1" type="stmt"/>
      <line num="5" count="1" type="stmt"/>
      <line num="7" count="1" type="stmt"/>
      <line num="8" count="1" type="stmt"/>
      <line num="10" count="1" type="stmt"/>
      <line num="13" count="0" type="stmt"/>
      <line num="14" count="0" type="cond" truecount="0" falsecount="2"/>
      <line num="15" count="0" type="stmt"/>
      <line num="16" count="0" type="stmt"/>
      <line num="17" count="0" type="stmt"/>
      <line num="21" count="4" type="stmt"/>
      <line num="22" count="4" type="stmt"/>
      <line num="23" count="4" type="stmt"/>
      <line num="25" count="1" type="stmt"/>
      <line num="29" count="1" type="stmt"/>
      <line num="30" count="7" type="cond" truecount="1" falsecount="1"/>
      <line num="31" count="0" type="stmt"/>
      <line num="34" count="7" type="stmt"/>
      <line num="35" count="7" type="cond" truecount="2" falsecount="0"/>
      <line num="36" count="1" type="stmt"/>
      <line num="39" count="6" type="stmt"/>
      <line num="40" count="6" type="stmt"/>
      <line num="41" count="6" type="stmt"/>
      <line num="43" count="6" type="stmt"/>
      <line num="44" count="6" type="stmt"/>
      <line num="46" count="5" type="stmt"/>
      <line num="47" count="5" type="cond" truecount="1" falsecount="1"/>
      <line num="48" count="0" type="stmt"/>
      <line num="50" count="5" type="cond" truecount="0" falsecount="3"/>
      <line num="52" count="5" type="stmt"/>
      <line num="58" count="5" type="stmt"/>
      <line num="60" count="0" type="stmt"/>
      <line num="61" count="0" type="stmt"/>
      <line num="64" count="0" type="stmt"/>
      <line num="67" count="0" type="stmt"/>
      <line num="68" count="0" type="stmt"/>
      <line num="70" count="0" type="cond" truecount="0" falsecount="2"/>
      <line num="75" count="0" type="stmt"/>
      <line num="80" count="5" type="stmt"/>
      <line num="81" count="5" type="cond" truecount="1" falsecount="1"/>
      <line num="82" count="0" type="stmt"/>
      <line num="85" count="5" type="stmt"/>
      <line num="98" count="5" type="stmt"/>
      <line num="99" count="5" type="stmt"/>
      <line num="104" count="5" type="stmt"/>
      <line num="106" count="5" type="stmt"/>
      <line num="107" count="5" type="stmt"/>
      <line num="108" count="1" type="stmt"/>
      <line num="109" count="1" type="stmt"/>
      <line num="113" count="5" type="stmt"/>
      <line num="120" count="5" type="stmt"/>
      <line num="121" count="5" type="stmt"/>
      <line num="123" count="1" type="cond" truecount="2" falsecount="2"/>
      <line num="124" count="1" type="stmt"/>
      <line num="126" count="0" type="stmt"/>
      <line num="129" count="4" type="stmt"/>
      <line num="130" count="4" type="stmt"/>
      <line num="131" count="3" type="stmt"/>
      <line num="134" count="1" type="cond" truecount="4" falsecount="1"/>
      <line num="138" count="1" type="stmt"/>
      <line num="145" count="1" type="stmt"/>
      <line num="148" count="5" type="stmt"/>
      <line num="149" count="5" type="cond" truecount="2" falsecount="0"/>
      <line num="151" count="3" type="cond" truecount="1" falsecount="1"/>
      <line num="152" count="3" type="stmt"/>
      <line num="154" count="0" type="stmt"/>
    </file>
    <file name="rateLimiter.js" path="D:\Fitdesi\functions\src\rateLimiter.js">
      <metrics statements="20" coveredstatements="18" conditionals="10" coveredconditionals="7" methods="2" coveredmethods="2"/>
      <line num="24" count="1" type="stmt"/>
      <line num="26" count="1" type="stmt"/>
      <line num="27" count="1" type="stmt"/>
      <line num="41" count="6" type="stmt"/>
      <line num="43" count="6" type="stmt"/>
      <line num="44" count="6" type="stmt"/>
      <line num="45" count="6" type="stmt"/>
      <line num="47" count="6" type="stmt"/>
      <line num="48" count="6" type="stmt"/>
      <line num="50" count="6" type="cond" truecount="2" falsecount="0"/>
      <line num="51" count="1" type="stmt"/>
      <line num="52" count="1" type="cond" truecount="1" falsecount="1"/>
      <line num="53" count="1" type="cond" truecount="1" falsecount="1"/>
      <line num="56" count="1" type="cond" truecount="1" falsecount="1"/>
      <line num="57" count="0" type="stmt"/>
      <line num="58" count="0" type="stmt"/>
      <line num="63" count="6" type="cond" truecount="2" falsecount="0"/>
      <line num="64" count="1" type="stmt"/>
      <line num="71" count="5" type="stmt"/>
      <line num="75" count="1" type="stmt"/>
    </file>
    <file name="validators.js" path="D:\Fitdesi\functions\src\validators.js">
      <metrics statements="42" coveredstatements="30" conditionals="59" coveredconditionals="44" methods="4" coveredmethods="4"/>
      <line num="16" count="1" type="stmt"/>
      <line num="22" count="1" type="stmt"/>
      <line num="26" count="1" type="stmt"/>
      <line num="29" count="1" type="stmt"/>
      <line num="48" count="6" type="cond" truecount="3" falsecount="1"/>
      <line num="49" count="0" type="stmt"/>
      <line num="51" count="6" type="cond" truecount="1" falsecount="1"/>
      <line num="52" count="0" type="stmt"/>
      <line num="72" count="6" type="cond" truecount="3" falsecount="1"/>
      <line num="73" count="6" type="cond" truecount="3" falsecount="1"/>
      <line num="74" count="0" type="stmt"/>
      <line num="78" count="6" type="cond" truecount="1" falsecount="1"/>
      <line num="79" count="0" type="stmt"/>
      <line num="86" count="6" type="stmt"/>
      <line num="87" count="6" type="cond" truecount="1" falsecount="1"/>
      <line num="88" count="0" type="stmt"/>
      <line num="92" count="6" type="cond" truecount="1" falsecount="1"/>
      <line num="93" count="6" type="stmt"/>
      <line num="94" count="6" type="cond" truecount="3" falsecount="1"/>
      <line num="95" count="0" type="stmt"/>
      <line num="118" count="3" type="cond" truecount="5" falsecount="0"/>
      <line num="119" count="1" type="stmt"/>
      <line num="121" count="2" type="cond" truecount="1" falsecount="1"/>
      <line num="122" count="0" type="stmt"/>
      <line num="125" count="2" type="stmt"/>
      <line num="126" count="8" type="stmt"/>
      <line num="127" count="8" type="cond" truecount="3" falsecount="1"/>
      <line num="128" count="0" type="stmt"/>
      <line num="130" count="8" type="cond" truecount="3" falsecount="1"/>
      <line num="131" count="0" type="stmt"/>
      <line num="135" count="8" type="cond" truecount="2" falsecount="0"/>
      <line num="137" count="7" type="cond" truecount="1" falsecount="1"/>
      <line num="138" count="7" type="stmt"/>
      <line num="139" count="7" type="cond" truecount="3" falsecount="1"/>
      <line num="140" count="0" type="stmt"/>
      <line num="142" count="7" type="cond" truecount="4" falsecount="0"/>
      <line num="143" count="1" type="stmt"/>
      <line num="145" count="6" type="cond" truecount="3" falsecount="1"/>
      <line num="146" count="0" type="stmt"/>
      <line num="148" count="6" type="cond" truecount="3" falsecount="1"/>
      <line num="149" count="0" type="stmt"/>
      <line num="155" count="1" type="stmt"/>
    </file>
  </project>
</coverage>
