{"D:\\Fitdesi\\functions\\src\\generatePlan.js": {"path":"D:\\Fitdesi\\functions\\src\\generatePlan.js","statementMap":{"0":{"start":{"line":3,"column":31},"end":{"line":3,"column":69}},"1":{"start":{"line":4,"column":37},"end":{"line":4,"column":72}},"2":{"start":{"line":5,"column":31},"end":{"line":5,"column":63}},"3":{"start":{"line":7,"column":59},"end":{"line":7,"column":82}},"4":{"start":{"line":8,"column":27},"end":{"line":8,"column":51}},"5":{"start":{"line":10,"column":23},"end":{"line":10,"column":49}},"6":{"start":{"line":13,"column":19},"end":{"line":13,"column":43}},"7":{"start":{"line":14,"column":2},"end":{"line":14,"column":70}},"8":{"start":{"line":15,"column":20},"end":{"line":15,"column":58}},"9":{"start":{"line":16,"column":17},"end":{"line":16,"column":73}},"10":{"start":{"line":17,"column":2},"end":{"line":17,"column":73}},"11":{"start":{"line":21,"column":18},"end":{"line":21,"column":88}},"12":{"start":{"line":22,"column":2},"end":{"line":26,"column":3}},"13":{"start":{"line":23,"column":4},"end":{"line":23,"column":31}},"14":{"start":{"line":25,"column":4},"end":{"line":25,"column":41}},"15":{"start":{"line":29,"column":0},"end":{"line":156,"column":3}},"16":{"start":{"line":30,"column":2},"end":{"line":32,"column":3}},"17":{"start":{"line":31,"column":4},"end":{"line":31,"column":67}},"18":{"start":{"line":34,"column":14},"end":{"line":34,"column":31}},"19":{"start":{"line":35,"column":2},"end":{"line":37,"column":3}},"20":{"start":{"line":36,"column":4},"end":{"line":36,"column":62}},"21":{"start":{"line":39,"column":2},"end":{"line":155,"column":3}},"22":{"start":{"line":40,"column":4},"end":{"line":40,"column":21}},"23":{"start":{"line":41,"column":4},"end":{"line":41,"column":38}},"24":{"start":{"line":43,"column":20},"end":{"line":43,"column":34}},"25":{"start":{"line":44,"column":4},"end":{"line":44,"column":39}},"26":{"start":{"line":46,"column":20},"end":{"line":46,"column":59}},"27":{"start":{"line":47,"column":4},"end":{"line":49,"column":5}},"28":{"start":{"line":48,"column":6},"end":{"line":48,"column":66}},"29":{"start":{"line":50,"column":77},"end":{"line":50,"column":91}},"30":{"start":{"line":52,"column":25},"end":{"line":56,"column":12}},"31":{"start":{"line":58,"column":21},"end":{"line":78,"column":5}},"32":{"start":{"line":60,"column":28},"end":{"line":60,"column":45}},"33":{"start":{"line":61,"column":30},"end":{"line":63,"column":16}},"34":{"start":{"line":64,"column":8},"end":{"line":76,"column":10}},"35":{"start":{"line":67,"column":27},"end":{"line":67,"column":36}},"36":{"start":{"line":68,"column":12},"end":{"line":74,"column":14}},"37":{"start":{"line":70,"column":52},"end":{"line":70,"column":58}},"38":{"start":{"line":70,"column":70},"end":{"line":73,"column":15}},"39":{"start":{"line":75,"column":26},"end":{"line":75,"column":44}},"40":{"start":{"line":80,"column":32},"end":{"line":80,"column":56}},"41":{"start":{"line":81,"column":4},"end":{"line":83,"column":5}},"42":{"start":{"line":82,"column":6},"end":{"line":82,"column":91}},"43":{"start":{"line":85,"column":19},"end":{"line":96,"column":148}},"44":{"start":{"line":98,"column":18},"end":{"line":98,"column":56}},"45":{"start":{"line":99,"column":18},"end":{"line":102,"column":6}},"46":{"start":{"line":104,"column":28},"end":{"line":104,"column":49}},"47":{"start":{"line":106,"column":27},"end":{"line":111,"column":6}},"48":{"start":{"line":107,"column":6},"end":{"line":110,"column":16}},"49":{"start":{"line":108,"column":8},"end":{"line":108,"column":32}},"50":{"start":{"line":109,"column":8},"end":{"line":109,"column":47}},"51":{"start":{"line":113,"column":26},"end":{"line":117,"column":6}},"52":{"start":{"line":120,"column":4},"end":{"line":127,"column":5}},"53":{"start":{"line":121,"column":6},"end":{"line":121,"column":73}},"54":{"start":{"line":123,"column":6},"end":{"line":125,"column":7}},"55":{"start":{"line":124,"column":8},"end":{"line":124,"column":98}},"56":{"start":{"line":126,"column":6},"end":{"line":126,"column":16}},"57":{"start":{"line":129,"column":20},"end":{"line":129,"column":48}},"58":{"start":{"line":130,"column":17},"end":{"line":130,"column":41}},"59":{"start":{"line":131,"column":4},"end":{"line":131,"column":23}},"60":{"start":{"line":134,"column":6},"end":{"line":136,"column":22}},"61":{"start":{"line":138,"column":4},"end":{"line":143,"column":7}},"62":{"start":{"line":145,"column":4},"end":{"line":145,"column":37}},"63":{"start":{"line":148,"column":4},"end":{"line":148,"column":58}},"64":{"start":{"line":149,"column":4},"end":{"line":149,"column":49}},"65":{"start":{"line":149,"column":37},"end":{"line":149,"column":49}},"66":{"start":{"line":151,"column":4},"end":{"line":153,"column":5}},"67":{"start":{"line":152,"column":6},"end":{"line":152,"column":84}},"68":{"start":{"line":154,"column":4},"end":{"line":154,"column":82}}},"fnMap":{"0":{"name":"getISOWeek","decl":{"start":{"line":12,"column":9},"end":{"line":12,"column":19}},"loc":{"start":{"line":12,"column":39},"end":{"line":18,"column":1}},"line":12},"1":{"name":"parseGeminiJSON","decl":{"start":{"line":20,"column":9},"end":{"line":20,"column":24}},"loc":{"start":{"line":20,"column":31},"end":{"line":27,"column":1}},"line":20},"2":{"name":"(anonymous_2)","decl":{"start":{"line":29,"column":57},"end":{"line":29,"column":58}},"loc":{"start":{"line":29,"column":76},"end":{"line":156,"column":1}},"line":29},"3":{"name":"(anonymous_3)","decl":{"start":{"line":59,"column":28},"end":{"line":59,"column":29}},"loc":{"start":{"line":59,"column":50},"end":{"line":77,"column":7}},"line":59},"4":{"name":"(anonymous_4)","decl":{"start":{"line":66,"column":44},"end":{"line":66,"column":45}},"loc":{"start":{"line":66,"column":52},"end":{"line":75,"column":11}},"line":66},"5":{"name":"(anonymous_5)","decl":{"start":{"line":70,"column":47},"end":{"line":70,"column":48}},"loc":{"start":{"line":70,"column":52},"end":{"line":70,"column":58}},"line":70},"6":{"name":"(anonymous_6)","decl":{"start":{"line":70,"column":64},"end":{"line":70,"column":65}},"loc":{"start":{"line":70,"column":70},"end":{"line":73,"column":15}},"line":70},"7":{"name":"(anonymous_7)","decl":{"start":{"line":75,"column":20},"end":{"line":75,"column":21}},"loc":{"start":{"line":75,"column":26},"end":{"line":75,"column":44}},"line":75},"8":{"name":"(anonymous_8)","decl":{"start":{"line":106,"column":39},"end":{"line":106,"column":40}},"loc":{"start":{"line":106,"column":54},"end":{"line":111,"column":5}},"line":106},"9":{"name":"(anonymous_9)","decl":{"start":{"line":107,"column":17},"end":{"line":107,"column":18}},"loc":{"start":{"line":107,"column":23},"end":{"line":110,"column":7}},"line":107}},"branchMap":{"0":{"loc":{"start":{"line":12,"column":20},"end":{"line":12,"column":37}},"type":"default-arg","locations":[{"start":{"line":12,"column":27},"end":{"line":12,"column":37}}],"line":12},"1":{"loc":{"start":{"line":14,"column":45},"end":{"line":14,"column":67}},"type":"binary-expr","locations":[{"start":{"line":14,"column":45},"end":{"line":14,"column":62}},{"start":{"line":14,"column":66},"end":{"line":14,"column":67}}],"line":14},"2":{"loc":{"start":{"line":30,"column":2},"end":{"line":32,"column":3}},"type":"if","locations":[{"start":{"line":30,"column":2},"end":{"line":32,"column":3}},{"start":{},"end":{}}],"line":30},"3":{"loc":{"start":{"line":35,"column":2},"end":{"line":37,"column":3}},"type":"if","locations":[{"start":{"line":35,"column":2},"end":{"line":37,"column":3}},{"start":{},"end":{}}],"line":35},"4":{"loc":{"start":{"line":47,"column":4},"end":{"line":49,"column":5}},"type":"if","locations":[{"start":{"line":47,"column":4},"end":{"line":49,"column":5}},{"start":{},"end":{}}],"line":47},"5":{"loc":{"start":{"line":50,"column":12},"end":{"line":50,"column":30}},"type":"default-arg","locations":[{"start":{"line":50,"column":28},"end":{"line":50,"column":30}}],"line":50},"6":{"loc":{"start":{"line":50,"column":32},"end":{"line":50,"column":49}},"type":"default-arg","locations":[{"start":{"line":50,"column":47},"end":{"line":50,"column":49}}],"line":50},"7":{"loc":{"start":{"line":50,"column":51},"end":{"line":50,"column":72}},"type":"default-arg","locations":[{"start":{"line":50,"column":62},"end":{"line":50,"column":72}}],"line":50},"8":{"loc":{"start":{"line":69,"column":20},"end":{"line":69,"column":53}},"type":"binary-expr","locations":[{"start":{"line":69,"column":20},"end":{"line":69,"column":38}},{"start":{"line":69,"column":42},"end":{"line":69,"column":53}}],"line":69},"9":{"loc":{"start":{"line":70,"column":21},"end":{"line":70,"column":38}},"type":"binary-expr","locations":[{"start":{"line":70,"column":21},"end":{"line":70,"column":32}},{"start":{"line":70,"column":36},"end":{"line":70,"column":38}}],"line":70},"10":{"loc":{"start":{"line":71,"column":24},"end":{"line":71,"column":37}},"type":"binary-expr","locations":[{"start":{"line":71,"column":24},"end":{"line":71,"column":32}},{"start":{"line":71,"column":36},"end":{"line":71,"column":37}}],"line":71},"11":{"loc":{"start":{"line":72,"column":22},"end":{"line":72,"column":33}},"type":"binary-expr","locations":[{"start":{"line":72,"column":22},"end":{"line":72,"column":28}},{"start":{"line":72,"column":32},"end":{"line":72,"column":33}}],"line":72},"12":{"loc":{"start":{"line":81,"column":4},"end":{"line":83,"column":5}},"type":"if","locations":[{"start":{"line":81,"column":4},"end":{"line":83,"column":5}},{"start":{},"end":{}}],"line":81},"13":{"loc":{"start":{"line":123,"column":6},"end":{"line":125,"column":7}},"type":"if","locations":[{"start":{"line":123,"column":6},"end":{"line":125,"column":7}},{"start":{},"end":{}}],"line":123},"14":{"loc":{"start":{"line":123,"column":10},"end":{"line":123,"column":74}},"type":"binary-expr","locations":[{"start":{"line":123,"column":10},"end":{"line":123,"column":45}},{"start":{"line":123,"column":49},"end":{"line":123,"column":74}}],"line":123},"15":{"loc":{"start":{"line":134,"column":6},"end":{"line":136,"column":22}},"type":"cond-expr","locations":[{"start":{"line":135,"column":10},"end":{"line":135,"column":29}},{"start":{"line":136,"column":10},"end":{"line":136,"column":22}}],"line":134},"16":{"loc":{"start":{"line":134,"column":6},"end":{"line":134,"column":107}},"type":"binary-expr","locations":[{"start":{"line":134,"column":6},"end":{"line":134,"column":18}},{"start":{"line":134,"column":22},"end":{"line":134,"column":61}},{"start":{"line":134,"column":65},"end":{"line":134,"column":107}}],"line":134},"17":{"loc":{"start":{"line":149,"column":4},"end":{"line":149,"column":49}},"type":"if","locations":[{"start":{"line":149,"column":4},"end":{"line":149,"column":49}},{"start":{},"end":{}}],"line":149},"18":{"loc":{"start":{"line":151,"column":4},"end":{"line":153,"column":5}},"type":"if","locations":[{"start":{"line":151,"column":4},"end":{"line":153,"column":5}},{"start":{},"end":{}}],"line":151}},"s":{"0":1,"1":1,"2":1,"3":1,"4":1,"5":1,"6":0,"7":0,"8":0,"9":0,"10":0,"11":4,"12":4,"13":4,"14":1,"15":1,"16":7,"17":0,"18":7,"19":7,"20":1,"21":6,"22":6,"23":6,"24":6,"25":6,"26":5,"27":5,"28":0,"29":5,"30":5,"31":5,"32":0,"33":0,"34":0,"35":0,"36":0,"37":0,"38":0,"39":0,"40":5,"41":5,"42":0,"43":5,"44":5,"45":5,"46":5,"47":5,"48":5,"49":1,"50":1,"51":5,"52":5,"53":5,"54":1,"55":1,"56":0,"57":4,"58":4,"59":3,"60":1,"61":1,"62":1,"63":5,"64":5,"65":2,"66":3,"67":3,"68":0},"f":{"0":0,"1":4,"2":7,"3":0,"4":0,"5":0,"6":0,"7":0,"8":5,"9":1},"b":{"0":[0],"1":[0,0],"2":[0,7],"3":[1,6],"4":[0,5],"5":[0],"6":[0],"7":[0],"8":[0,0],"9":[0,0],"10":[0,0],"11":[0,0],"12":[0,5],"13":[1,0],"14":[1,0],"15":[1,0],"16":[1,1,1],"17":[2,3],"18":[3,0]},"_coverageSchema":"1a1c01bbd47fc00a2c39e90264f33305004495a9","hash":"ccbe5d281bcab05dee6ddd011b4b6c87d0e8d5c8"}
,"D:\\Fitdesi\\functions\\src\\rateLimiter.js": {"path":"D:\\Fitdesi\\functions\\src\\rateLimiter.js","statementMap":{"0":{"start":{"line":24,"column":23},"end":{"line":24,"column":61}},"1":{"start":{"line":26,"column":19},"end":{"line":26,"column":33}},"2":{"start":{"line":27,"column":19},"end":{"line":27,"column":20}},"3":{"start":{"line":41,"column":14},"end":{"line":41,"column":40}},"4":{"start":{"line":43,"column":2},"end":{"line":72,"column":5}},"5":{"start":{"line":44,"column":17},"end":{"line":44,"column":34}},"6":{"start":{"line":45,"column":17},"end":{"line":45,"column":27}},"7":{"start":{"line":47,"column":22},"end":{"line":47,"column":23}},"8":{"start":{"line":48,"column":22},"end":{"line":48,"column":25}},"9":{"start":{"line":50,"column":4},"end":{"line":60,"column":5}},"10":{"start":{"line":51,"column":19},"end":{"line":51,"column":30}},"11":{"start":{"line":52,"column":6},"end":{"line":52,"column":80}},"12":{"start":{"line":53,"column":6},"end":{"line":53,"column":82}},"13":{"start":{"line":56,"column":6},"end":{"line":59,"column":7}},"14":{"start":{"line":57,"column":8},"end":{"line":57,"column":24}},"15":{"start":{"line":58,"column":8},"end":{"line":58,"column":26}},"16":{"start":{"line":63,"column":4},"end":{"line":68,"column":5}},"17":{"start":{"line":64,"column":6},"end":{"line":67,"column":8}},"18":{"start":{"line":71,"column":4},"end":{"line":71,"column":69}},"19":{"start":{"line":75,"column":0},"end":{"line":75,"column":36}}},"fnMap":{"0":{"name":"checkRateLimit","decl":{"start":{"line":40,"column":15},"end":{"line":40,"column":29}},"loc":{"start":{"line":40,"column":39},"end":{"line":73,"column":1}},"line":40},"1":{"name":"(anonymous_1)","decl":{"start":{"line":43,"column":26},"end":{"line":43,"column":27}},"loc":{"start":{"line":43,"column":40},"end":{"line":72,"column":3}},"line":43}},"branchMap":{"0":{"loc":{"start":{"line":50,"column":4},"end":{"line":60,"column":5}},"type":"if","locations":[{"start":{"line":50,"column":4},"end":{"line":60,"column":5}},{"start":{},"end":{}}],"line":50},"1":{"loc":{"start":{"line":52,"column":20},"end":{"line":52,"column":79}},"type":"cond-expr","locations":[{"start":{"line":52,"column":59},"end":{"line":52,"column":69}},{"start":{"line":52,"column":78},"end":{"line":52,"column":79}}],"line":52},"2":{"loc":{"start":{"line":53,"column":20},"end":{"line":53,"column":81}},"type":"cond-expr","locations":[{"start":{"line":53,"column":59},"end":{"line":53,"column":75}},{"start":{"line":53,"column":78},"end":{"line":53,"column":81}}],"line":53},"3":{"loc":{"start":{"line":56,"column":6},"end":{"line":59,"column":7}},"type":"if","locations":[{"start":{"line":56,"column":6},"end":{"line":59,"column":7}},{"start":{},"end":{}}],"line":56},"4":{"loc":{"start":{"line":63,"column":4},"end":{"line":68,"column":5}},"type":"if","locations":[{"start":{"line":63,"column":4},"end":{"line":68,"column":5}},{"start":{},"end":{}}],"line":63}},"s":{"0":1,"1":1,"2":1,"3":6,"4":6,"5":6,"6":6,"7":6,"8":6,"9":6,"10":1,"11":1,"12":1,"13":1,"14":0,"15":0,"16":6,"17":1,"18":5,"19":1},"f":{"0":6,"1":6},"b":{"0":[1,5],"1":[1,0],"2":[1,0],"3":[0,1],"4":[1,5]},"_coverageSchema":"1a1c01bbd47fc00a2c39e90264f33305004495a9","hash":"29f767a1e28e8bc7323e1d73db624a45341e9868"}
,"D:\\Fitdesi\\functions\\src\\validators.js": {"path":"D:\\Fitdesi\\functions\\src\\validators.js","statementMap":{"0":{"start":{"line":16,"column":23},"end":{"line":16,"column":61}},"1":{"start":{"line":22,"column":20},"end":{"line":22,"column":23}},"2":{"start":{"line":26,"column":26},"end":{"line":26,"column":45}},"3":{"start":{"line":29,"column":28},"end":{"line":35,"column":2}},"4":{"start":{"line":48,"column":2},"end":{"line":50,"column":3}},"5":{"start":{"line":49,"column":4},"end":{"line":49,"column":73}},"6":{"start":{"line":51,"column":2},"end":{"line":53,"column":3}},"7":{"start":{"line":52,"column":4},"end":{"line":52,"column":73}},"8":{"start":{"line":72,"column":2},"end":{"line":72,"column":50}},"9":{"start":{"line":72,"column":43},"end":{"line":72,"column":50}},"10":{"start":{"line":73,"column":2},"end":{"line":75,"column":3}},"11":{"start":{"line":74,"column":4},"end":{"line":74,"column":73}},"12":{"start":{"line":78,"column":2},"end":{"line":83,"column":3}},"13":{"start":{"line":79,"column":4},"end":{"line":82,"column":6}},"14":{"start":{"line":86,"column":22},"end":{"line":86,"column":80}},"15":{"start":{"line":86,"column":54},"end":{"line":86,"column":79}},"16":{"start":{"line":87,"column":2},"end":{"line":89,"column":3}},"17":{"start":{"line":88,"column":4},"end":{"line":88,"column":73}},"18":{"start":{"line":92,"column":2},"end":{"line":97,"column":3}},"19":{"start":{"line":93,"column":19},"end":{"line":93,"column":30}},"20":{"start":{"line":94,"column":4},"end":{"line":96,"column":5}},"21":{"start":{"line":95,"column":6},"end":{"line":95,"column":73}},"22":{"start":{"line":118,"column":2},"end":{"line":120,"column":3}},"23":{"start":{"line":119,"column":4},"end":{"line":119,"column":41}},"24":{"start":{"line":121,"column":2},"end":{"line":123,"column":3}},"25":{"start":{"line":122,"column":4},"end":{"line":122,"column":41}},"26":{"start":{"line":125,"column":2},"end":{"line":152,"column":3}},"27":{"start":{"line":125,"column":15},"end":{"line":125,"column":16}},"28":{"start":{"line":126,"column":16},"end":{"line":126,"column":28}},"29":{"start":{"line":127,"column":4},"end":{"line":129,"column":5}},"30":{"start":{"line":128,"column":6},"end":{"line":128,"column":43}},"31":{"start":{"line":130,"column":4},"end":{"line":132,"column":5}},"32":{"start":{"line":131,"column":6},"end":{"line":131,"column":43}},"33":{"start":{"line":135,"column":4},"end":{"line":135,"column":32}},"34":{"start":{"line":135,"column":23},"end":{"line":135,"column":32}},"35":{"start":{"line":137,"column":22},"end":{"line":137,"column":41}},"36":{"start":{"line":138,"column":4},"end":{"line":151,"column":5}},"37":{"start":{"line":139,"column":6},"end":{"line":141,"column":7}},"38":{"start":{"line":140,"column":8},"end":{"line":140,"column":45}},"39":{"start":{"line":142,"column":6},"end":{"line":144,"column":7}},"40":{"start":{"line":143,"column":8},"end":{"line":143,"column":45}},"41":{"start":{"line":145,"column":6},"end":{"line":147,"column":7}},"42":{"start":{"line":146,"column":8},"end":{"line":146,"column":45}},"43":{"start":{"line":148,"column":6},"end":{"line":150,"column":7}},"44":{"start":{"line":149,"column":8},"end":{"line":149,"column":45}},"45":{"start":{"line":155,"column":0},"end":{"line":155,"column":68}}},"fnMap":{"0":{"name":"validateUID","decl":{"start":{"line":47,"column":9},"end":{"line":47,"column":20}},"loc":{"start":{"line":47,"column":26},"end":{"line":54,"column":1}},"line":47},"1":{"name":"validatePlanRequest","decl":{"start":{"line":71,"column":9},"end":{"line":71,"column":28}},"loc":{"start":{"line":71,"column":35},"end":{"line":98,"column":1}},"line":71},"2":{"name":"(anonymous_2)","decl":{"start":{"line":86,"column":47},"end":{"line":86,"column":48}},"loc":{"start":{"line":86,"column":54},"end":{"line":86,"column":79}},"line":86},"3":{"name":"validatePlan","decl":{"start":{"line":117,"column":9},"end":{"line":117,"column":21}},"loc":{"start":{"line":117,"column":28},"end":{"line":153,"column":1}},"line":117}},"branchMap":{"0":{"loc":{"start":{"line":48,"column":2},"end":{"line":50,"column":3}},"type":"if","locations":[{"start":{"line":48,"column":2},"end":{"line":50,"column":3}},{"start":{},"end":{}}],"line":48},"1":{"loc":{"start":{"line":48,"column":6},"end":{"line":48,"column":56}},"type":"binary-expr","locations":[{"start":{"line":48,"column":6},"end":{"line":48,"column":29}},{"start":{"line":48,"column":33},"end":{"line":48,"column":56}}],"line":48},"2":{"loc":{"start":{"line":51,"column":2},"end":{"line":53,"column":3}},"type":"if","locations":[{"start":{"line":51,"column":2},"end":{"line":53,"column":3}},{"start":{},"end":{}}],"line":51},"3":{"loc":{"start":{"line":72,"column":2},"end":{"line":72,"column":50}},"type":"if","locations":[{"start":{"line":72,"column":2},"end":{"line":72,"column":50}},{"start":{},"end":{}}],"line":72},"4":{"loc":{"start":{"line":72,"column":6},"end":{"line":72,"column":41}},"type":"binary-expr","locations":[{"start":{"line":72,"column":6},"end":{"line":72,"column":19}},{"start":{"line":72,"column":23},"end":{"line":72,"column":41}}],"line":72},"5":{"loc":{"start":{"line":73,"column":2},"end":{"line":75,"column":3}},"type":"if","locations":[{"start":{"line":73,"column":2},"end":{"line":75,"column":3}},{"start":{},"end":{}}],"line":73},"6":{"loc":{"start":{"line":73,"column":6},"end":{"line":73,"column":53}},"type":"binary-expr","locations":[{"start":{"line":73,"column":6},"end":{"line":73,"column":30}},{"start":{"line":73,"column":34},"end":{"line":73,"column":53}}],"line":73},"7":{"loc":{"start":{"line":78,"column":2},"end":{"line":83,"column":3}},"type":"if","locations":[{"start":{"line":78,"column":2},"end":{"line":83,"column":3}},{"start":{},"end":{}}],"line":78},"8":{"loc":{"start":{"line":87,"column":2},"end":{"line":89,"column":3}},"type":"if","locations":[{"start":{"line":87,"column":2},"end":{"line":89,"column":3}},{"start":{},"end":{}}],"line":87},"9":{"loc":{"start":{"line":92,"column":2},"end":{"line":97,"column":3}},"type":"if","locations":[{"start":{"line":92,"column":2},"end":{"line":97,"column":3}},{"start":{},"end":{}}],"line":92},"10":{"loc":{"start":{"line":94,"column":4},"end":{"line":96,"column":5}},"type":"if","locations":[{"start":{"line":94,"column":4},"end":{"line":96,"column":5}},{"start":{},"end":{}}],"line":94},"11":{"loc":{"start":{"line":94,"column":8},"end":{"line":94,"column":68}},"type":"binary-expr","locations":[{"start":{"line":94,"column":8},"end":{"line":94,"column":34}},{"start":{"line":94,"column":38},"end":{"line":94,"column":68}}],"line":94},"12":{"loc":{"start":{"line":118,"column":2},"end":{"line":120,"column":3}},"type":"if","locations":[{"start":{"line":118,"column":2},"end":{"line":120,"column":3}},{"start":{},"end":{}}],"line":118},"13":{"loc":{"start":{"line":118,"column":6},"end":{"line":118,"column":68}},"type":"binary-expr","locations":[{"start":{"line":118,"column":6},"end":{"line":118,"column":11}},{"start":{"line":118,"column":15},"end":{"line":118,"column":39}},{"start":{"line":118,"column":43},"end":{"line":118,"column":68}}],"line":118},"14":{"loc":{"start":{"line":121,"column":2},"end":{"line":123,"column":3}},"type":"if","locations":[{"start":{"line":121,"column":2},"end":{"line":123,"column":3}},{"start":{},"end":{}}],"line":121},"15":{"loc":{"start":{"line":127,"column":4},"end":{"line":129,"column":5}},"type":"if","locations":[{"start":{"line":127,"column":4},"end":{"line":129,"column":5}},{"start":{},"end":{}}],"line":127},"16":{"loc":{"start":{"line":127,"column":8},"end":{"line":127,"column":56}},"type":"binary-expr","locations":[{"start":{"line":127,"column":8},"end":{"line":127,"column":35}},{"start":{"line":127,"column":39},"end":{"line":127,"column":56}}],"line":127},"17":{"loc":{"start":{"line":130,"column":4},"end":{"line":132,"column":5}},"type":"if","locations":[{"start":{"line":130,"column":4},"end":{"line":132,"column":5}},{"start":{},"end":{}}],"line":130},"18":{"loc":{"start":{"line":130,"column":8},"end":{"line":130,"column":64}},"type":"binary-expr","locations":[{"start":{"line":130,"column":8},"end":{"line":130,"column":37}},{"start":{"line":130,"column":41},"end":{"line":130,"column":64}}],"line":130},"19":{"loc":{"start":{"line":135,"column":4},"end":{"line":135,"column":32}},"type":"if","locations":[{"start":{"line":135,"column":4},"end":{"line":135,"column":32}},{"start":{},"end":{}}],"line":135},"20":{"loc":{"start":{"line":137,"column":22},"end":{"line":137,"column":41}},"type":"binary-expr","locations":[{"start":{"line":137,"column":22},"end":{"line":137,"column":35}},{"start":{"line":137,"column":39},"end":{"line":137,"column":41}}],"line":137},"21":{"loc":{"start":{"line":139,"column":6},"end":{"line":141,"column":7}},"type":"if","locations":[{"start":{"line":139,"column":6},"end":{"line":141,"column":7}},{"start":{},"end":{}}],"line":139},"22":{"loc":{"start":{"line":139,"column":10},"end":{"line":139,"column":62}},"type":"binary-expr","locations":[{"start":{"line":139,"column":10},"end":{"line":139,"column":37}},{"start":{"line":139,"column":41},"end":{"line":139,"column":62}}],"line":139},"23":{"loc":{"start":{"line":142,"column":6},"end":{"line":144,"column":7}},"type":"if","locations":[{"start":{"line":142,"column":6},"end":{"line":144,"column":7}},{"start":{},"end":{}}],"line":142},"24":{"loc":{"start":{"line":142,"column":10},"end":{"line":142,"column":52}},"type":"binary-expr","locations":[{"start":{"line":142,"column":10},"end":{"line":142,"column":37}},{"start":{"line":142,"column":41},"end":{"line":142,"column":52}}],"line":142},"25":{"loc":{"start":{"line":145,"column":6},"end":{"line":147,"column":7}},"type":"if","locations":[{"start":{"line":145,"column":6},"end":{"line":147,"column":7}},{"start":{},"end":{}}],"line":145},"26":{"loc":{"start":{"line":145,"column":10},"end":{"line":145,"column":51}},"type":"binary-expr","locations":[{"start":{"line":145,"column":10},"end":{"line":145,"column":31}},{"start":{"line":145,"column":35},"end":{"line":145,"column":51}}],"line":145},"27":{"loc":{"start":{"line":148,"column":6},"end":{"line":150,"column":7}},"type":"if","locations":[{"start":{"line":148,"column":6},"end":{"line":150,"column":7}},{"start":{},"end":{}}],"line":148},"28":{"loc":{"start":{"line":148,"column":10},"end":{"line":148,"column":68}},"type":"binary-expr","locations":[{"start":{"line":148,"column":10},"end":{"line":148,"column":45}},{"start":{"line":148,"column":49},"end":{"line":148,"column":68}}],"line":148}},"s":{"0":1,"1":1,"2":1,"3":1,"4":6,"5":0,"6":6,"7":0,"8":6,"9":0,"10":6,"11":0,"12":6,"13":0,"14":6,"15":6,"16":6,"17":0,"18":6,"19":6,"20":6,"21":0,"22":3,"23":1,"24":2,"25":0,"26":2,"27":2,"28":8,"29":8,"30":0,"31":8,"32":0,"33":8,"34":1,"35":7,"36":7,"37":7,"38":0,"39":7,"40":1,"41":6,"42":0,"43":6,"44":0,"45":1},"f":{"0":6,"1":6,"2":6,"3":3},"b":{"0":[0,6],"1":[6,6],"2":[0,6],"3":[0,6],"4":[6,6],"5":[0,6],"6":[6,6],"7":[0,6],"8":[0,6],"9":[6,0],"10":[0,6],"11":[6,6],"12":[1,2],"13":[3,3,3],"14":[0,2],"15":[0,8],"16":[8,8],"17":[0,8],"18":[8,8],"19":[1,7],"20":[7,0],"21":[0,7],"22":[7,7],"23":[1,6],"24":[7,7],"25":[0,6],"26":[6,6],"27":[0,6],"28":[6,6]},"_coverageSchema":"1a1c01bbd47fc00a2c39e90264f33305004495a9","hash":"b8c34d02c83d3f6adb43ef5e4b64102db3ca5fcc"}
}
