TN:
SF:src\generatePlan.js
FN:12,getISOWeek
FN:20,parseGeminiJSON
FN:29,(anonymous_2)
FN:59,(anonymous_3)
FN:66,(anonymous_4)
FN:70,(anonymous_5)
FN:70,(anonymous_6)
FN:75,(anonymous_7)
FN:106,(anonymous_8)
FN:107,(anonymous_9)
FNF:10
FNH:4
FNDA:0,getISOWeek
FNDA:4,parseGeminiJSON
FNDA:7,(anonymous_2)
FNDA:0,(anonymous_3)
FNDA:0,(anonymous_4)
FNDA:0,(anonymous_5)
FNDA:0,(anonymous_6)
FNDA:0,(anonymous_7)
FNDA:5,(anonymous_8)
FNDA:1,(anonymous_9)
DA:3,1
DA:4,1
DA:5,1
DA:7,1
DA:8,1
DA:10,1
DA:13,0
DA:14,0
DA:15,0
DA:16,0
DA:17,0
DA:21,4
DA:22,4
DA:23,4
DA:25,1
DA:29,1
DA:30,7
DA:31,0
DA:34,7
DA:35,7
DA:36,1
DA:39,6
DA:40,6
DA:41,6
DA:43,6
DA:44,6
DA:46,5
DA:47,5
DA:48,0
DA:50,5
DA:52,5
DA:58,5
DA:60,0
DA:61,0
DA:64,0
DA:67,0
DA:68,0
DA:70,0
DA:75,0
DA:80,5
DA:81,5
DA:82,0
DA:85,5
DA:98,5
DA:99,5
DA:104,5
DA:106,5
DA:107,5
DA:108,1
DA:109,1
DA:113,5
DA:120,5
DA:121,5
DA:123,1
DA:124,1
DA:126,0
DA:129,4
DA:130,4
DA:131,3
DA:134,1
DA:138,1
DA:145,1
DA:148,5
DA:149,5
DA:151,3
DA:152,3
DA:154,0
LF:67
LH:50
BRDA:12,0,0,0
BRDA:14,1,0,0
BRDA:14,1,1,0
BRDA:30,2,0,0
BRDA:30,2,1,7
BRDA:35,3,0,1
BRDA:35,3,1,6
BRDA:47,4,0,0
BRDA:47,4,1,5
BRDA:50,5,0,0
BRDA:50,6,0,0
BRDA:50,7,0,0
BRDA:69,8,0,0
BRDA:69,8,1,0
BRDA:70,9,0,0
BRDA:70,9,1,0
BRDA:71,10,0,0
BRDA:71,10,1,0
BRDA:72,11,0,0
BRDA:72,11,1,0
BRDA:81,12,0,0
BRDA:81,12,1,5
BRDA:123,13,0,1
BRDA:123,13,1,0
BRDA:123,14,0,1
BRDA:123,14,1,0
BRDA:134,15,0,1
BRDA:134,15,1,0
BRDA:134,16,0,1
BRDA:134,16,1,1
BRDA:134,16,2,1
BRDA:149,17,0,2
BRDA:149,17,1,3
BRDA:151,18,0,3
BRDA:151,18,1,0
BRF:35
BRH:14
end_of_record
TN:
SF:src\rateLimiter.js
FN:40,checkRateLimit
FN:43,(anonymous_1)
FNF:2
FNH:2
FNDA:6,checkRateLimit
FNDA:6,(anonymous_1)
DA:24,1
DA:26,1
DA:27,1
DA:41,6
DA:43,6
DA:44,6
DA:45,6
DA:47,6
DA:48,6
DA:50,6
DA:51,1
DA:52,1
DA:53,1
DA:56,1
DA:57,0
DA:58,0
DA:63,6
DA:64,1
DA:71,5
DA:75,1
LF:20
LH:18
BRDA:50,0,0,1
BRDA:50,0,1,5
BRDA:52,1,0,1
BRDA:52,1,1,0
BRDA:53,2,0,1
BRDA:53,2,1,0
BRDA:56,3,0,0
BRDA:56,3,1,1
BRDA:63,4,0,1
BRDA:63,4,1,5
BRF:10
BRH:7
end_of_record
TN:
SF:src\validators.js
FN:47,validateUID
FN:71,validatePlanRequest
FN:86,(anonymous_2)
FN:117,validatePlan
FNF:4
FNH:4
FNDA:6,validateUID
FNDA:6,validatePlanRequest
FNDA:6,(anonymous_2)
FNDA:3,validatePlan
DA:16,1
DA:22,1
DA:26,1
DA:29,1
DA:48,6
DA:49,0
DA:51,6
DA:52,0
DA:72,6
DA:73,6
DA:74,0
DA:78,6
DA:79,0
DA:86,6
DA:87,6
DA:88,0
DA:92,6
DA:93,6
DA:94,6
DA:95,0
DA:118,3
DA:119,1
DA:121,2
DA:122,0
DA:125,2
DA:126,8
DA:127,8
DA:128,0
DA:130,8
DA:131,0
DA:135,8
DA:137,7
DA:138,7
DA:139,7
DA:140,0
DA:142,7
DA:143,1
DA:145,6
DA:146,0
DA:148,6
DA:149,0
DA:155,1
LF:42
LH:30
BRDA:48,0,0,0
BRDA:48,0,1,6
BRDA:48,1,0,6
BRDA:48,1,1,6
BRDA:51,2,0,0
BRDA:51,2,1,6
BRDA:72,3,0,0
BRDA:72,3,1,6
BRDA:72,4,0,6
BRDA:72,4,1,6
BRDA:73,5,0,0
BRDA:73,5,1,6
BRDA:73,6,0,6
BRDA:73,6,1,6
BRDA:78,7,0,0
BRDA:78,7,1,6
BRDA:87,8,0,0
BRDA:87,8,1,6
BRDA:92,9,0,6
BRDA:92,9,1,0
BRDA:94,10,0,0
BRDA:94,10,1,6
BRDA:94,11,0,6
BRDA:94,11,1,6
BRDA:118,12,0,1
BRDA:118,12,1,2
BRDA:118,13,0,3
BRDA:118,13,1,3
BRDA:118,13,2,3
BRDA:121,14,0,0
BRDA:121,14,1,2
BRDA:127,15,0,0
BRDA:127,15,1,8
BRDA:127,16,0,8
BRDA:127,16,1,8
BRDA:130,17,0,0
BRDA:130,17,1,8
BRDA:130,18,0,8
BRDA:130,18,1,8
BRDA:135,19,0,1
BRDA:135,19,1,7
BRDA:137,20,0,7
BRDA:137,20,1,0
BRDA:139,21,0,0
BRDA:139,21,1,7
BRDA:139,22,0,7
BRDA:139,22,1,7
BRDA:142,23,0,1
BRDA:142,23,1,6
BRDA:142,24,0,7
BRDA:142,24,1,7
BRDA:145,25,0,0
BRDA:145,25,1,6
BRDA:145,26,0,6
BRDA:145,26,1,6
BRDA:148,27,0,0
BRDA:148,27,1,6
BRDA:148,28,0,6
BRDA:148,28,1,6
BRF:59
BRH:44
end_of_record
